<html>
<head>
<title>TestNG:  Test</title>
<link href="../testng.css" rel="stylesheet" type="text/css" />
<link href="../my-testng.css" rel="stylesheet" type="text/css" />

<style type="text/css">
.log { display: none;} 
.stack-trace { display: none;} 
</style>
<script type="text/javascript">
<!--
function flip(e) {
  current = e.style.display;
  if (current == 'block') {
    e.style.display = 'none';
    return 0;
  }
  else {
    e.style.display = 'block';
    return 1;
  }
}

function toggleBox(szDivId, elem, msg1, msg2)
{
  var res = -1;  if (document.getElementById) {
    res = flip(document.getElementById(szDivId));
  }
  else if (document.all) {
    // this is the way old msie versions work
    res = flip(document.all[szDivId]);
  }
  if(elem) {
    if(res == 0) elem.innerHTML = msg1; else elem.innerHTML = msg2;
  }

}

function toggleAllBoxes() {
  if (document.getElementsByTagName) {
    d = document.getElementsByTagName('div');
    for (i = 0; i < d.length; i++) {
      if (d[i].className == 'log') {
        flip(d[i]);
      }
    }
  }
}

// -->
</script>

</head>
<body>
<h2 align='center'>Test</h2><table border='1' align="center">
<tr>
<td>Tests passed/Failed/Skipped:</td><td>9/1/2</td>
</tr><tr>
<td>Started on:</td><td>Tue Apr 02 13:16:32 IST 2024</td>
</tr>
<tr><td>Total time:</td><td>56 seconds (56955 ms)</td>
</tr><tr>
<td>Included groups:</td><td>Regression </td>
</tr><tr>
<td>Excluded groups:</td><td></td>
</tr>
</table><p/>
<small><i>(Hover the method name to see the test class name)</i></small><p/>
<table width='100%' border='1' class='invocation-failed'>
<tr><td colspan='4' align='center'><b>FAILED TESTS</b></td></tr>
<tr><td><b>Test method</b></td>
<td><b>Attribute(s)</b></td>
<td width="30%"><b>Exception</b></td>
<td width="10%"><b>Time (seconds)</b></td>
<td><b>Instance</b></td>
</tr>
<tr>
<td title='testscript.ManageDeliveryBoyTest.verifyDeliverBoyStatusGettingChangedByStatusButtonClick()'><b>verifyDeliverBoyStatusGettingChangedByStatusButtonClick</b><br>Test class: testscript.ManageDeliveryBoyTest<br>Test method: Verify whether the delivery boy status is getting changed by the status button click</td>
<td><div><pre>java.lang.AssertionError: Delivery boy status didn&apos;t change by click on status button did not expect [Active] but found [Active]
	at testscript.ManageDeliveryBoyTest.verifyDeliverBoyStatusGettingChangedByStatusButtonClick(ManageDeliveryBoyTest.java:190)
	at java.base/java.util.ArrayList.forEach(ArrayList.java:1511)
... Removed 31 stack frames</pre></div><a href='#' onClick='toggleBox("stack-trace1901752553", this, "Click to show all stack frames", "Click to hide stack frames")'>Click to show all stack frames</a>
<div class='stack-trace' id='stack-trace1901752553'><pre>java.lang.AssertionError: Delivery boy status didn&apos;t change by click on status button did not expect [Active] but found [Active]
	at org.testng.Assert.fail(Assert.java:111)
	at org.testng.Assert.failEquals(Assert.java:1582)
	at org.testng.Assert.assertNotEqualsImpl(Assert.java:157)
	at org.testng.Assert.assertNotEquals(Assert.java:2198)
	at testscript.ManageDeliveryBoyTest.verifyDeliverBoyStatusGettingChangedByStatusButtonClick(ManageDeliveryBoyTest.java:190)
	at java.base/jdk.internal.reflect.NativeMethodAccessorImpl.invoke0(Native Method)
	at java.base/jdk.internal.reflect.NativeMethodAccessorImpl.invoke(NativeMethodAccessorImpl.java:77)
	at java.base/jdk.internal.reflect.DelegatingMethodAccessorImpl.invoke(DelegatingMethodAccessorImpl.java:43)
	at java.base/java.lang.reflect.Method.invoke(Method.java:568)
	at org.testng.internal.invokers.MethodInvocationHelper.invokeMethod(MethodInvocationHelper.java:139)
	at org.testng.internal.invokers.TestInvoker.invokeMethod(TestInvoker.java:664)
	at org.testng.internal.invokers.TestInvoker.retryFailed(TestInvoker.java:248)
	at org.testng.internal.invokers.MethodRunner.runInSequence(MethodRunner.java:62)
	at org.testng.internal.invokers.TestInvoker$MethodInvocationAgent.invoke(TestInvoker.java:957)
	at org.testng.internal.invokers.TestInvoker.invokeTestMethods(TestInvoker.java:200)
	at org.testng.internal.invokers.TestMethodWorker.invokeTestMethods(TestMethodWorker.java:148)
	at org.testng.internal.invokers.TestMethodWorker.run(TestMethodWorker.java:128)
	at java.base/java.util.ArrayList.forEach(ArrayList.java:1511)
	at org.testng.TestRunner.privateRun(TestRunner.java:848)
	at org.testng.TestRunner.run(TestRunner.java:621)
	at org.testng.SuiteRunner.runTest(SuiteRunner.java:443)
	at org.testng.SuiteRunner.runSequentially(SuiteRunner.java:437)
	at org.testng.SuiteRunner.privateRun(SuiteRunner.java:397)
	at org.testng.SuiteRunner.run(SuiteRunner.java:336)
	at org.testng.SuiteRunnerWorker.runSuite(SuiteRunnerWorker.java:52)
	at org.testng.SuiteRunnerWorker.run(SuiteRunnerWorker.java:95)
	at org.testng.TestNG.runSuitesSequentially(TestNG.java:1280)
	at org.testng.TestNG.runSuitesLocally(TestNG.java:1200)
	at org.testng.TestNG.runSuites(TestNG.java:1114)
	at org.testng.TestNG.run(TestNG.java:1082)
	at org.testng.remote.AbstractRemoteTestNG.run(AbstractRemoteTestNG.java:115)
	at org.testng.remote.RemoteTestNG.initAndRun(RemoteTestNG.java:251)
	at org.testng.remote.RemoteTestNG.main(RemoteTestNG.java:77)
</pre></div></td>
<td>1</td>
<td>testscript.ManageDeliveryBoyTest@41709512</td></tr>
</table><p>
<table width='100%' border='1' class='invocation-passed'>
<tr><td colspan='4' align='center'><b>PASSED TESTS</b></td></tr>
<tr><td><b>Test method</b></td>
<td><b>Attribute(s)</b></td>
<td width="30%"><b>Exception</b></td>
<td width="10%"><b>Time (seconds)</b></td>
<td><b>Instance</b></td>
</tr>
<tr>
<td title='testscript.LoginTest.verifyWhetherTheUserIsAbleToLoginWithValidCredentials()'><b>verifyWhetherTheUserIsAbleToLoginWithValidCredentials</b><br>Test class: testscript.LoginTest<br>Test method: verify whether the user is able to log in with correct username and correct password</td>
<td></td>
<td>1</td>
<td>testscript.LoginTest@29ca3d04</td></tr>
<tr>
<td title='testscript.ManageDeliveryBoyTest.verifyAnyDeliverBoyPresentInTheListForAValidEmail()'><b>verifyAnyDeliverBoyPresentInTheListForAValidEmail</b><br>Test class: testscript.ManageDeliveryBoyTest<br>Test method: Verify whether any delivery boy is present in the list for a valid email id</td>
<td></td>
<td>2</td>
<td>testscript.ManageDeliveryBoyTest@41709512</td></tr>
<tr>
<td title='testscript.MobileSliderTest.verifyWhetherMobleSliderPageHeadingIsCorrect()'><b>verifyWhetherMobleSliderPageHeadingIsCorrect</b><br>Test class: testscript.MobileSliderTest<br>Test method: Verify whether the Mobile slider page heading is correct</td>
<td></td>
<td>1</td>
<td>testscript.MobileSliderTest@5443d039</td></tr>
<tr>
<td title='testscript.ManageOrderTest.verifyIsOrderDetailsViewableForAnExistingOrderID()'><b>verifyIsOrderDetailsViewableForAnExistingOrderID</b><br>Test class: testscript.ManageOrderTest<br>Test method: Veryfing able to see the details of an existing order number</td>
<td></td>
<td>4</td>
<td>testscript.ManageOrderTest@33308786</td></tr>
<tr>
<td title='testscript.ManageProductTest.verifyAnyProductIsFeaturedInTheList()'><b>verifyAnyProductIsFeaturedInTheList</b><br>Test class: testscript.ManageProductTest<br>Test method: Veryfy whether any product is featured out of first 20 products in the table</td>
<td></td>
<td>1</td>
<td>testscript.ManageProductTest@a87f8ec</td></tr>
<tr>
<td title='testscript.ManageDeliveryBoyTest.verifyNoNewDeliverBoyIsGettingCreatedIfMandatoryFieldsAreMissing()'><b>verifyNoNewDeliverBoyIsGettingCreatedIfMandatoryFieldsAreMissing</b><br>Test class: testscript.ManageDeliveryBoyTest<br>Test method: Verify whether no new delivery boy is getting added if the mandatory fields missing</td>
<td></td>
<td>2</td>
<td>testscript.ManageDeliveryBoyTest@41709512</td></tr>
<tr>
<td title='testscript.ManageDeliveryBoyTest.verifyIsFirstRowOfDeliveryBoyIsDeletedByDeleteButtonClick()'><b>verifyIsFirstRowOfDeliveryBoyIsDeletedByDeleteButtonClick</b><br>Test class: testscript.ManageDeliveryBoyTest<br>Test method: Veryfy whether Delevery boy details is getting deleted on delete button click</td>
<td></td>
<td>1</td>
<td>testscript.ManageDeliveryBoyTest@41709512</td></tr>
<tr>
<td title='testscript.AdminUsersTest.verifyWhetherAnUserSuccessfullyGetAddedWhenEnteringCorrectDetails()'><b>verifyWhetherAnUserSuccessfullyGetAddedWhenEnteringCorrectDetails</b><br>Test class: testscript.AdminUsersTest<br>Test method: Verify whether new user is getting added when entering corrrect details </td>
<td></td>
<td>3</td>
<td>testscript.AdminUsersTest@42039326</td></tr>
<tr>
<td title='testscript.ManageOfferCodeTest.veryfyWhetherNewOfferCodeIsGettingAddedWhenCoorectDetailsAreEntered()'><b>veryfyWhetherNewOfferCodeIsGettingAddedWhenCoorectDetailsAreEntered</b><br>Test class: testscript.ManageOfferCodeTest<br>Test method: verify whether new offer code is getting added when correct deatils are entered</td>
<td></td>
<td>2</td>
<td>testscript.ManageOfferCodeTest@4f9a2c08</td></tr>
</table><p>
<table width='100%' border='1' class='invocation-skipped'>
<tr><td colspan='4' align='center'><b>SKIPPED TESTS</b></td></tr>
<tr><td><b>Test method</b></td>
<td><b>Attribute(s)</b></td>
<td width="30%"><b>Exception</b></td>
<td width="10%"><b>Time (seconds)</b></td>
<td><b>Instance</b></td>
</tr>
<tr>
<td title='testscript.ManageDeliveryBoyTest.verifyDeliverBoyStatusGettingChangedByStatusButtonClick()'><b>verifyDeliverBoyStatusGettingChangedByStatusButtonClick</b><br>Test class: testscript.ManageDeliveryBoyTest<br>Test method: Verify whether the delivery boy status is getting changed by the status button click</td>
<td><div><pre>java.lang.AssertionError: Delivery boy status didn&apos;t change by click on status button did not expect [Active] but found [Active]
	at testscript.ManageDeliveryBoyTest.verifyDeliverBoyStatusGettingChangedByStatusButtonClick(ManageDeliveryBoyTest.java:190)
	at java.base/java.util.ArrayList.forEach(ArrayList.java:1511)
... Removed 31 stack frames</pre></div><a href='#' onClick='toggleBox("stack-trace280291320", this, "Click to show all stack frames", "Click to hide stack frames")'>Click to show all stack frames</a>
<div class='stack-trace' id='stack-trace280291320'><pre>java.lang.AssertionError: Delivery boy status didn&apos;t change by click on status button did not expect [Active] but found [Active]
	at org.testng.Assert.fail(Assert.java:111)
	at org.testng.Assert.failEquals(Assert.java:1582)
	at org.testng.Assert.assertNotEqualsImpl(Assert.java:157)
	at org.testng.Assert.assertNotEquals(Assert.java:2198)
	at testscript.ManageDeliveryBoyTest.verifyDeliverBoyStatusGettingChangedByStatusButtonClick(ManageDeliveryBoyTest.java:190)
	at java.base/jdk.internal.reflect.NativeMethodAccessorImpl.invoke0(Native Method)
	at java.base/jdk.internal.reflect.NativeMethodAccessorImpl.invoke(NativeMethodAccessorImpl.java:77)
	at java.base/jdk.internal.reflect.DelegatingMethodAccessorImpl.invoke(DelegatingMethodAccessorImpl.java:43)
	at java.base/java.lang.reflect.Method.invoke(Method.java:568)
	at org.testng.internal.invokers.MethodInvocationHelper.invokeMethod(MethodInvocationHelper.java:139)
	at org.testng.internal.invokers.TestInvoker.invokeMethod(TestInvoker.java:664)
	at org.testng.internal.invokers.TestInvoker.retryFailed(TestInvoker.java:248)
	at org.testng.internal.invokers.MethodRunner.runInSequence(MethodRunner.java:62)
	at org.testng.internal.invokers.TestInvoker$MethodInvocationAgent.invoke(TestInvoker.java:957)
	at org.testng.internal.invokers.TestInvoker.invokeTestMethods(TestInvoker.java:200)
	at org.testng.internal.invokers.TestMethodWorker.invokeTestMethods(TestMethodWorker.java:148)
	at org.testng.internal.invokers.TestMethodWorker.run(TestMethodWorker.java:128)
	at java.base/java.util.ArrayList.forEach(ArrayList.java:1511)
	at org.testng.TestRunner.privateRun(TestRunner.java:848)
	at org.testng.TestRunner.run(TestRunner.java:621)
	at org.testng.SuiteRunner.runTest(SuiteRunner.java:443)
	at org.testng.SuiteRunner.runSequentially(SuiteRunner.java:437)
	at org.testng.SuiteRunner.privateRun(SuiteRunner.java:397)
	at org.testng.SuiteRunner.run(SuiteRunner.java:336)
	at org.testng.SuiteRunnerWorker.runSuite(SuiteRunnerWorker.java:52)
	at org.testng.SuiteRunnerWorker.run(SuiteRunnerWorker.java:95)
	at org.testng.TestNG.runSuitesSequentially(TestNG.java:1280)
	at org.testng.TestNG.runSuitesLocally(TestNG.java:1200)
	at org.testng.TestNG.runSuites(TestNG.java:1114)
	at org.testng.TestNG.run(TestNG.java:1082)
	at org.testng.remote.AbstractRemoteTestNG.run(AbstractRemoteTestNG.java:115)
	at org.testng.remote.RemoteTestNG.initAndRun(RemoteTestNG.java:251)
	at org.testng.remote.RemoteTestNG.main(RemoteTestNG.java:77)
</pre></div></td>
<td>1</td>
<td>testscript.ManageDeliveryBoyTest@41709512</td></tr>
<tr>
<td title='testscript.ManageDeliveryBoyTest.verifyDeliverBoyStatusGettingChangedByStatusButtonClick()'><b>verifyDeliverBoyStatusGettingChangedByStatusButtonClick</b><br>Test class: testscript.ManageDeliveryBoyTest<br>Test method: Verify whether the delivery boy status is getting changed by the status button click</td>
<td><div><pre>java.lang.AssertionError: Delivery boy status didn&apos;t change by click on status button did not expect [Active] but found [Active]
	at testscript.ManageDeliveryBoyTest.verifyDeliverBoyStatusGettingChangedByStatusButtonClick(ManageDeliveryBoyTest.java:190)
	at java.base/java.util.ArrayList.forEach(ArrayList.java:1511)
... Removed 31 stack frames</pre></div><a href='#' onClick='toggleBox("stack-trace625232315", this, "Click to show all stack frames", "Click to hide stack frames")'>Click to show all stack frames</a>
<div class='stack-trace' id='stack-trace625232315'><pre>java.lang.AssertionError: Delivery boy status didn&apos;t change by click on status button did not expect [Active] but found [Active]
	at org.testng.Assert.fail(Assert.java:111)
	at org.testng.Assert.failEquals(Assert.java:1582)
	at org.testng.Assert.assertNotEqualsImpl(Assert.java:157)
	at org.testng.Assert.assertNotEquals(Assert.java:2198)
	at testscript.ManageDeliveryBoyTest.verifyDeliverBoyStatusGettingChangedByStatusButtonClick(ManageDeliveryBoyTest.java:190)
	at java.base/jdk.internal.reflect.NativeMethodAccessorImpl.invoke0(Native Method)
	at java.base/jdk.internal.reflect.NativeMethodAccessorImpl.invoke(NativeMethodAccessorImpl.java:77)
	at java.base/jdk.internal.reflect.DelegatingMethodAccessorImpl.invoke(DelegatingMethodAccessorImpl.java:43)
	at java.base/java.lang.reflect.Method.invoke(Method.java:568)
	at org.testng.internal.invokers.MethodInvocationHelper.invokeMethod(MethodInvocationHelper.java:139)
	at org.testng.internal.invokers.TestInvoker.invokeMethod(TestInvoker.java:664)
	at org.testng.internal.invokers.TestInvoker.invokeTestMethod(TestInvoker.java:227)
	at org.testng.internal.invokers.MethodRunner.runInSequence(MethodRunner.java:50)
	at org.testng.internal.invokers.TestInvoker$MethodInvocationAgent.invoke(TestInvoker.java:957)
	at org.testng.internal.invokers.TestInvoker.invokeTestMethods(TestInvoker.java:200)
	at org.testng.internal.invokers.TestMethodWorker.invokeTestMethods(TestMethodWorker.java:148)
	at org.testng.internal.invokers.TestMethodWorker.run(TestMethodWorker.java:128)
	at java.base/java.util.ArrayList.forEach(ArrayList.java:1511)
	at org.testng.TestRunner.privateRun(TestRunner.java:848)
	at org.testng.TestRunner.run(TestRunner.java:621)
	at org.testng.SuiteRunner.runTest(SuiteRunner.java:443)
	at org.testng.SuiteRunner.runSequentially(SuiteRunner.java:437)
	at org.testng.SuiteRunner.privateRun(SuiteRunner.java:397)
	at org.testng.SuiteRunner.run(SuiteRunner.java:336)
	at org.testng.SuiteRunnerWorker.runSuite(SuiteRunnerWorker.java:52)
	at org.testng.SuiteRunnerWorker.run(SuiteRunnerWorker.java:95)
	at org.testng.TestNG.runSuitesSequentially(TestNG.java:1280)
	at org.testng.TestNG.runSuitesLocally(TestNG.java:1200)
	at org.testng.TestNG.runSuites(TestNG.java:1114)
	at org.testng.TestNG.run(TestNG.java:1082)
	at org.testng.remote.AbstractRemoteTestNG.run(AbstractRemoteTestNG.java:115)
	at org.testng.remote.RemoteTestNG.initAndRun(RemoteTestNG.java:251)
	at org.testng.remote.RemoteTestNG.main(RemoteTestNG.java:77)
</pre></div></td>
<td>1</td>
<td>testscript.ManageDeliveryBoyTest@41709512</td></tr>
</table><p>
</body>
</html>