<?xml version="1.0" encoding="UTF-8"?>
<!-- Generated by org.testng.reporters.JUnitXMLReporter -->
<testsuite ignored="8" hostname="LAPTOP-5VTFGCLM" failures="1" tests="12" name="Test" time="56.955" errors="0" timestamp="2024-04-02T13:17:30 IST">
  <testcase classname="testscript.LoginTest" name="verifyWhetherTheUserIsAbleToLoginWithValidCredentials" time="1.343"/>
  <testcase classname="testscript.ManageDeliveryBoyTest" name="verifyAnyDeliverBoyPresentInTheListForAValidEmail" time="2.41"/>
  <testcase classname="testscript.ManageDeliveryBoyTest" name="verifyDeliverBoyStatusGettingChangedByStatusButtonClick" time="1.365">
    <skipped/>
  </testcase> <!-- verifyDeliverBoyStatusGettingChangedByStatusButtonClick -->
  <testcase classname="testscript.ManageDeliveryBoyTest" name="verifyDeliverBoyStatusGettingChangedByStatusButtonClick" time="1.175">
    <skipped/>
  </testcase> <!-- verifyDeliverBoyStatusGettingChangedByStatusButtonClick -->
  <testcase classname="testscript.ManageDeliveryBoyTest" name="verifyDeliverBoyStatusGettingChangedByStatusButtonClick" time="1.147">
    <failure type="java.lang.AssertionError" message="Delivery boy status didn&amp;apos;t change by click on status button did not expect [Active] but found [Active]">
      <![CDATA[java.lang.AssertionError: Delivery boy status didn't change by click on status button did not expect [Active] but found [Active]
at testscript.ManageDeliveryBoyTest.verifyDeliverBoyStatusGettingChangedByStatusButtonClick(ManageDeliveryBoyTest.java:190)
at java.base/java.util.ArrayList.forEach(ArrayList.java:1511)
... Removed 31 stack frames]]>
    </failure>
  </testcase> <!-- verifyDeliverBoyStatusGettingChangedByStatusButtonClick -->
  <testcase classname="testscript.ManageDeliveryBoyTest" name="verifyIsFirstRowOfDeliveryBoyIsDeletedByDeleteButtonClick" time="1.81"/>
  <testcase classname="testscript.ManageDeliveryBoyTest" name="verifyNoNewDeliverBoyIsGettingCreatedIfMandatoryFieldsAreMissing" time="2.73"/>
  <testcase classname="testscript.AdminUsersTest" name="verifyWhetherAnUserSuccessfullyGetAddedWhenEnteringCorrectDetails" time="3.104"/>
  <testcase classname="testscript.ManageOrderTest" name="verifyIsOrderDetailsViewableForAnExistingOrderID" time="4.572"/>
  <testcase classname="testscript.ManageOfferCodeTest" name="veryfyWhetherNewOfferCodeIsGettingAddedWhenCoorectDetailsAreEntered" time="2.561"/>
  <testcase classname="testscript.ManageProductTest" name="verifyAnyProductIsFeaturedInTheList" time="1.889"/>
  <testcase classname="testscript.MobileSliderTest" name="verifyWhetherMobleSliderPageHeadingIsCorrect" time="1.478"/>
  <testcase classname="testscript.ManageDeliveryBoyTest" name="verifyNoDeliverBoyPresntInTheListForAnInValidName" time="0.0">
    <ignored/>
  </testcase> <!-- verifyNoDeliverBoyPresntInTheListForAnInValidName -->
  <testcase classname="testscript.ManageDeliveryBoyTest" name="verifyAnyDeliverBoyPresentInTheListForAValidName" time="0.0">
    <ignored/>
  </testcase> <!-- verifyAnyDeliverBoyPresentInTheListForAValidName -->
  <testcase classname="testscript.ManageDeliveryBoyTest" name="verifyAnyDeliverBoyPresentInTheListForAValidePhoneNumber" time="0.0">
    <ignored/>
  </testcase> <!-- verifyAnyDeliverBoyPresentInTheListForAValidePhoneNumber -->
  <testcase classname="testscript.ManageDeliveryBoyTest" name="verifyNoDeliverBoyPresntInTheListForAnInValidEmail" time="0.0">
    <ignored/>
  </testcase> <!-- verifyNoDeliverBoyPresntInTheListForAnInValidEmail -->
  <testcase classname="testscript.LoginTest" name="verifyWhetherTheUserIsUnbleToLoginWithIncorrectUserNameAndCorrectPassWord" time="0.0">
    <ignored/>
  </testcase> <!-- verifyWhetherTheUserIsUnbleToLoginWithIncorrectUserNameAndCorrectPassWord -->
  <testcase classname="testscript.LoginTest" name="verifyWhetherTheUserIsUnableToLoginWithIncorrectUserNameAndIncorrectPassWord" time="0.0">
    <ignored/>
  </testcase> <!-- verifyWhetherTheUserIsUnableToLoginWithIncorrectUserNameAndIncorrectPassWord -->
  <testcase classname="testscript.ManageDeliveryBoyTest" name="verifyNoDeliverBoyPresntInTheListForAnInValidPhoneNumber" time="0.0">
    <ignored/>
  </testcase> <!-- verifyNoDeliverBoyPresntInTheListForAnInValidPhoneNumber -->
  <testcase classname="testscript.LoginTest" name="verifyWhetherTheUserIsUnableToLoginWithCorrectUserNameAndIncorrectPassWord" time="0.0">
    <ignored/>
  </testcase> <!-- verifyWhetherTheUserIsUnableToLoginWithCorrectUserNameAndIncorrectPassWord -->
</testsuite> <!-- Test -->
