<?xml version="1.0" encoding="UTF-8"?>
<testng-results retried="2" ignored="2" total="5" passed="0" failed="1" skipped="0">
  <reporter-output>
  </reporter-output>
  <suite started-at="2024-04-02T08:29:07 IST" name="Suite" finished-at="2024-04-02T08:29:20 IST" duration-ms="13560">
    <groups>
      <group name="Regression">
        <method signature="ManageDeliveryBoyTest.verifyDeliverBoyStatusGettingChangedByStatusButtonClick()[pri:0, instance:testscript.ManageDeliveryBoyTest@64c63c79]" name="verifyDeliverBoyStatusGettingChangedByStatusButtonClick" class="testscript.ManageDeliveryBoyTest"/>
      </group> <!-- Regression -->
    </groups>
    <test started-at="2024-04-02T08:29:07 IST" name="Test" finished-at="2024-04-02T08:29:20 IST" duration-ms="13560">
      <class name="testscript.ManageDeliveryBoyTest">
        <test-method is-config="true" signature="inititializeBrowser(java.lang.String)[pri:0, instance:testscript.ManageDeliveryBoyTest@64c63c79]" started-at="2024-04-02T08:29:07 IST" name="inititializeBrowser" finished-at="2024-04-02T08:29:10 IST" duration-ms="2942" status="PASS">
          <params>
            <param index="0">
              <value>
                <![CDATA[Chrome]]>
              </value>
            </param>
          </params>
          <reporter-output>
          </reporter-output>
        </test-method> <!-- inititializeBrowser -->
        <test-method retried="true" signature="verifyDeliverBoyStatusGettingChangedByStatusButtonClick()[pri:0, instance:testscript.ManageDeliveryBoyTest@64c63c79]" started-at="2024-04-02T08:29:10 IST" name="verifyDeliverBoyStatusGettingChangedByStatusButtonClick" description="Verify whether the delivery boy status is getting changed by the status button click" finished-at="2024-04-02T08:29:12 IST" duration-ms="2227" status="SKIP">
          <exception class="java.lang.AssertionError">
            <message>
              <![CDATA[Delivery boy status didn't change by click on status button did not expect [Active] but found [Active]]]>
            </message>
            <full-stacktrace>
              <![CDATA[java.lang.AssertionError: Delivery boy status didn't change by click on status button did not expect [Active] but found [Active]
at org.testng.Assert.fail(Assert.java:111)
at org.testng.Assert.failEquals(Assert.java:1582)
at org.testng.Assert.assertNotEqualsImpl(Assert.java:157)
at org.testng.Assert.assertNotEquals(Assert.java:2201)
at testscript.ManageDeliveryBoyTest.verifyDeliverBoyStatusGettingChangedByStatusButtonClick(ManageDeliveryBoyTest.java:190)
at java.base/jdk.internal.reflect.NativeMethodAccessorImpl.invoke0(Native Method)
at java.base/jdk.internal.reflect.NativeMethodAccessorImpl.invoke(NativeMethodAccessorImpl.java:77)
at java.base/jdk.internal.reflect.DelegatingMethodAccessorImpl.invoke(DelegatingMethodAccessorImpl.java:43)
at java.base/java.lang.reflect.Method.invoke(Method.java:568)
at org.testng.internal.invokers.MethodInvocationHelper.invokeMethod(MethodInvocationHelper.java:139)
at org.testng.internal.invokers.TestInvoker.invokeMethod(TestInvoker.java:664)
at org.testng.internal.invokers.TestInvoker.invokeTestMethod(TestInvoker.java:228)
at org.testng.internal.invokers.MethodRunner.runInSequence(MethodRunner.java:63)
at org.testng.internal.invokers.TestInvoker$MethodInvocationAgent.invoke(TestInvoker.java:961)
at org.testng.internal.invokers.TestInvoker.invokeTestMethods(TestInvoker.java:201)
at org.testng.internal.invokers.TestMethodWorker.invokeTestMethods(TestMethodWorker.java:148)
at org.testng.internal.invokers.TestMethodWorker.run(TestMethodWorker.java:128)
at java.base/java.util.ArrayList.forEach(ArrayList.java:1511)
at org.testng.TestRunner.privateRun(TestRunner.java:819)
at org.testng.TestRunner.run(TestRunner.java:619)
at org.testng.SuiteRunner.runTest(SuiteRunner.java:443)
at org.testng.SuiteRunner.runSequentially(SuiteRunner.java:437)
at org.testng.SuiteRunner.privateRun(SuiteRunner.java:397)
at org.testng.SuiteRunner.run(SuiteRunner.java:336)
at org.testng.SuiteRunnerWorker.runSuite(SuiteRunnerWorker.java:52)
at org.testng.SuiteRunnerWorker.run(SuiteRunnerWorker.java:95)
at org.testng.TestNG.runSuitesSequentially(TestNG.java:1301)
at org.testng.TestNG.runSuitesLocally(TestNG.java:1228)
at org.testng.TestNG.runSuites(TestNG.java:1134)
at org.testng.TestNG.run(TestNG.java:1101)
at org.testng.remote.AbstractRemoteTestNG.run(AbstractRemoteTestNG.java:115)
at org.testng.remote.RemoteTestNG.initAndRun(RemoteTestNG.java:251)
at org.testng.remote.RemoteTestNG.main(RemoteTestNG.java:77)
]]>
            </full-stacktrace>
          </exception> <!-- java.lang.AssertionError -->
          <reporter-output>
          </reporter-output>
        </test-method> <!-- verifyDeliverBoyStatusGettingChangedByStatusButtonClick -->
        <test-method is-config="true" signature="browserQuit(org.testng.ITestResult)[pri:0, instance:testscript.ManageDeliveryBoyTest@64c63c79]" started-at="2024-04-02T08:29:12 IST" name="browserQuit" finished-at="2024-04-02T08:29:12 IST" duration-ms="178" status="PASS">
          <params>
            <param index="0">
              <value>
                <![CDATA[[TestResult name=verifyDeliverBoyStatusGettingChangedByStatusButtonClick status=SKIP method=ManageDeliveryBoyTest.verifyDeliverBoyStatusGettingChangedByStatusButtonClick()[pri:0, instance:testscript.ManageDeliveryBoyTest@64c63c79] output={null}]]]>
              </value>
            </param>
          </params>
          <reporter-output>
          </reporter-output>
        </test-method> <!-- browserQuit -->
        <test-method is-config="true" signature="inititializeBrowser(java.lang.String)[pri:0, instance:testscript.ManageDeliveryBoyTest@64c63c79]" started-at="2024-04-02T08:29:12 IST" name="inititializeBrowser" finished-at="2024-04-02T08:29:15 IST" duration-ms="2304" status="PASS">
          <params>
            <param index="0">
              <value>
                <![CDATA[Chrome]]>
              </value>
            </param>
          </params>
          <reporter-output>
          </reporter-output>
        </test-method> <!-- inititializeBrowser -->
        <test-method retried="true" signature="verifyDeliverBoyStatusGettingChangedByStatusButtonClick()[pri:0, instance:testscript.ManageDeliveryBoyTest@64c63c79]" started-at="2024-04-02T08:29:15 IST" name="verifyDeliverBoyStatusGettingChangedByStatusButtonClick" description="Verify whether the delivery boy status is getting changed by the status button click" finished-at="2024-04-02T08:29:16 IST" duration-ms="1430" status="SKIP">
          <exception class="java.lang.AssertionError">
            <message>
              <![CDATA[Delivery boy status didn't change by click on status button did not expect [Active] but found [Active]]]>
            </message>
            <full-stacktrace>
              <![CDATA[java.lang.AssertionError: Delivery boy status didn't change by click on status button did not expect [Active] but found [Active]
at org.testng.Assert.fail(Assert.java:111)
at org.testng.Assert.failEquals(Assert.java:1582)
at org.testng.Assert.assertNotEqualsImpl(Assert.java:157)
at org.testng.Assert.assertNotEquals(Assert.java:2201)
at testscript.ManageDeliveryBoyTest.verifyDeliverBoyStatusGettingChangedByStatusButtonClick(ManageDeliveryBoyTest.java:190)
at java.base/jdk.internal.reflect.NativeMethodAccessorImpl.invoke0(Native Method)
at java.base/jdk.internal.reflect.NativeMethodAccessorImpl.invoke(NativeMethodAccessorImpl.java:77)
at java.base/jdk.internal.reflect.DelegatingMethodAccessorImpl.invoke(DelegatingMethodAccessorImpl.java:43)
at java.base/java.lang.reflect.Method.invoke(Method.java:568)
at org.testng.internal.invokers.MethodInvocationHelper.invokeMethod(MethodInvocationHelper.java:139)
at org.testng.internal.invokers.TestInvoker.invokeMethod(TestInvoker.java:664)
at org.testng.internal.invokers.TestInvoker.retryFailed(TestInvoker.java:249)
at org.testng.internal.invokers.MethodRunner.runInSequence(MethodRunner.java:76)
at org.testng.internal.invokers.TestInvoker$MethodInvocationAgent.invoke(TestInvoker.java:961)
at org.testng.internal.invokers.TestInvoker.invokeTestMethods(TestInvoker.java:201)
at org.testng.internal.invokers.TestMethodWorker.invokeTestMethods(TestMethodWorker.java:148)
at org.testng.internal.invokers.TestMethodWorker.run(TestMethodWorker.java:128)
at java.base/java.util.ArrayList.forEach(ArrayList.java:1511)
at org.testng.TestRunner.privateRun(TestRunner.java:819)
at org.testng.TestRunner.run(TestRunner.java:619)
at org.testng.SuiteRunner.runTest(SuiteRunner.java:443)
at org.testng.SuiteRunner.runSequentially(SuiteRunner.java:437)
at org.testng.SuiteRunner.privateRun(SuiteRunner.java:397)
at org.testng.SuiteRunner.run(SuiteRunner.java:336)
at org.testng.SuiteRunnerWorker.runSuite(SuiteRunnerWorker.java:52)
at org.testng.SuiteRunnerWorker.run(SuiteRunnerWorker.java:95)
at org.testng.TestNG.runSuitesSequentially(TestNG.java:1301)
at org.testng.TestNG.runSuitesLocally(TestNG.java:1228)
at org.testng.TestNG.runSuites(TestNG.java:1134)
at org.testng.TestNG.run(TestNG.java:1101)
at org.testng.remote.AbstractRemoteTestNG.run(AbstractRemoteTestNG.java:115)
at org.testng.remote.RemoteTestNG.initAndRun(RemoteTestNG.java:251)
at org.testng.remote.RemoteTestNG.main(RemoteTestNG.java:77)
]]>
            </full-stacktrace>
          </exception> <!-- java.lang.AssertionError -->
          <reporter-output>
          </reporter-output>
        </test-method> <!-- verifyDeliverBoyStatusGettingChangedByStatusButtonClick -->
        <test-method is-config="true" signature="browserQuit(org.testng.ITestResult)[pri:0, instance:testscript.ManageDeliveryBoyTest@64c63c79]" started-at="2024-04-02T08:29:16 IST" name="browserQuit" finished-at="2024-04-02T08:29:16 IST" duration-ms="183" status="PASS">
          <params>
            <param index="0">
              <value>
                <![CDATA[[TestResult name=verifyDeliverBoyStatusGettingChangedByStatusButtonClick status=SKIP method=ManageDeliveryBoyTest.verifyDeliverBoyStatusGettingChangedByStatusButtonClick()[pri:0, instance:testscript.ManageDeliveryBoyTest@64c63c79] output={null}]]]>
              </value>
            </param>
          </params>
          <reporter-output>
          </reporter-output>
        </test-method> <!-- browserQuit -->
        <test-method is-config="true" signature="inititializeBrowser(java.lang.String)[pri:0, instance:testscript.ManageDeliveryBoyTest@64c63c79]" started-at="2024-04-02T08:29:16 IST" name="inititializeBrowser" finished-at="2024-04-02T08:29:19 IST" duration-ms="2415" status="PASS">
          <params>
            <param index="0">
              <value>
                <![CDATA[Chrome]]>
              </value>
            </param>
          </params>
          <reporter-output>
          </reporter-output>
        </test-method> <!-- inititializeBrowser -->
        <test-method signature="verifyDeliverBoyStatusGettingChangedByStatusButtonClick()[pri:0, instance:testscript.ManageDeliveryBoyTest@64c63c79]" started-at="2024-04-02T08:29:19 IST" name="verifyDeliverBoyStatusGettingChangedByStatusButtonClick" description="Verify whether the delivery boy status is getting changed by the status button click" finished-at="2024-04-02T08:29:20 IST" duration-ms="1375" status="FAIL">
          <exception class="java.lang.AssertionError">
            <message>
              <![CDATA[Delivery boy status didn't change by click on status button did not expect [Active] but found [Active]]]>
            </message>
            <full-stacktrace>
              <![CDATA[java.lang.AssertionError: Delivery boy status didn't change by click on status button did not expect [Active] but found [Active]
at org.testng.Assert.fail(Assert.java:111)
at org.testng.Assert.failEquals(Assert.java:1582)
at org.testng.Assert.assertNotEqualsImpl(Assert.java:157)
at org.testng.Assert.assertNotEquals(Assert.java:2201)
at testscript.ManageDeliveryBoyTest.verifyDeliverBoyStatusGettingChangedByStatusButtonClick(ManageDeliveryBoyTest.java:190)
at java.base/jdk.internal.reflect.NativeMethodAccessorImpl.invoke0(Native Method)
at java.base/jdk.internal.reflect.NativeMethodAccessorImpl.invoke(NativeMethodAccessorImpl.java:77)
at java.base/jdk.internal.reflect.DelegatingMethodAccessorImpl.invoke(DelegatingMethodAccessorImpl.java:43)
at java.base/java.lang.reflect.Method.invoke(Method.java:568)
at org.testng.internal.invokers.MethodInvocationHelper.invokeMethod(MethodInvocationHelper.java:139)
at org.testng.internal.invokers.TestInvoker.invokeMethod(TestInvoker.java:664)
at org.testng.internal.invokers.TestInvoker.retryFailed(TestInvoker.java:249)
at org.testng.internal.invokers.MethodRunner.runInSequence(MethodRunner.java:76)
at org.testng.internal.invokers.TestInvoker$MethodInvocationAgent.invoke(TestInvoker.java:961)
at org.testng.internal.invokers.TestInvoker.invokeTestMethods(TestInvoker.java:201)
at org.testng.internal.invokers.TestMethodWorker.invokeTestMethods(TestMethodWorker.java:148)
at org.testng.internal.invokers.TestMethodWorker.run(TestMethodWorker.java:128)
at java.base/java.util.ArrayList.forEach(ArrayList.java:1511)
at org.testng.TestRunner.privateRun(TestRunner.java:819)
at org.testng.TestRunner.run(TestRunner.java:619)
at org.testng.SuiteRunner.runTest(SuiteRunner.java:443)
at org.testng.SuiteRunner.runSequentially(SuiteRunner.java:437)
at org.testng.SuiteRunner.privateRun(SuiteRunner.java:397)
at org.testng.SuiteRunner.run(SuiteRunner.java:336)
at org.testng.SuiteRunnerWorker.runSuite(SuiteRunnerWorker.java:52)
at org.testng.SuiteRunnerWorker.run(SuiteRunnerWorker.java:95)
at org.testng.TestNG.runSuitesSequentially(TestNG.java:1301)
at org.testng.TestNG.runSuitesLocally(TestNG.java:1228)
at org.testng.TestNG.runSuites(TestNG.java:1134)
at org.testng.TestNG.run(TestNG.java:1101)
at org.testng.remote.AbstractRemoteTestNG.run(AbstractRemoteTestNG.java:115)
at org.testng.remote.RemoteTestNG.initAndRun(RemoteTestNG.java:251)
at org.testng.remote.RemoteTestNG.main(RemoteTestNG.java:77)
]]>
            </full-stacktrace>
          </exception> <!-- java.lang.AssertionError -->
          <reporter-output>
          </reporter-output>
        </test-method> <!-- verifyDeliverBoyStatusGettingChangedByStatusButtonClick -->
        <test-method is-config="true" signature="browserQuit(org.testng.ITestResult)[pri:0, instance:testscript.ManageDeliveryBoyTest@64c63c79]" started-at="2024-04-02T08:29:20 IST" name="browserQuit" finished-at="2024-04-02T08:29:20 IST" duration-ms="399" status="PASS">
          <params>
            <param index="0">
              <value>
                <![CDATA[[TestResult name=verifyDeliverBoyStatusGettingChangedByStatusButtonClick status=FAILURE method=ManageDeliveryBoyTest.verifyDeliverBoyStatusGettingChangedByStatusButtonClick()[pri:0, instance:testscript.ManageDeliveryBoyTest@64c63c79] output={null}]]]>
              </value>
            </param>
          </params>
          <reporter-output>
          </reporter-output>
        </test-method> <!-- browserQuit -->
      </class> <!-- testscript.ManageDeliveryBoyTest -->
    </test> <!-- Test -->
  </suite> <!-- Suite -->
</testng-results>
